\BOOKMARK [1][]{section.1}{Introduction}{}% 1
\BOOKMARK [1][]{section.2}{Architecture}{}% 2
\BOOKMARK [1][]{section.3}{Implementation}{}% 3
\BOOKMARK [2][]{subsection.3.1}{Communication}{section.3}% 4
\BOOKMARK [3][]{subsubsection.3.1.1}{Packet description}{subsection.3.1}% 5
\BOOKMARK [3][]{subsubsection.3.1.2}{Acknowledgements}{subsection.3.1}% 6
\BOOKMARK [3][]{subsubsection.3.1.3}{Data conversion}{subsection.3.1}% 7
\BOOKMARK [3][]{subsubsection.3.1.4}{Robustness}{subsection.3.1}% 8
\BOOKMARK [2][]{subsection.3.2}{Log}{section.3}% 9
\BOOKMARK [3][]{subsubsection.3.2.1}{Content analysis}{subsection.3.2}% 10
\BOOKMARK [3][]{subsubsection.3.2.2}{Robustness and reliability}{subsection.3.2}% 11
\BOOKMARK [2][]{subsection.3.3}{Filters}{section.3}% 12
\BOOKMARK [3][]{subsubsection.3.3.1}{Low pass filter}{subsection.3.3}% 13
\BOOKMARK [3][]{subsubsection.3.3.2}{Kalman}{subsection.3.3}% 14
\BOOKMARK [2][]{subsection.3.4}{Manual Mode}{section.3}% 15
\BOOKMARK [2][]{subsection.3.5}{Calibration Mode}{section.3}% 16
\BOOKMARK [2][]{subsection.3.6}{Clip Function}{section.3}% 17
\BOOKMARK [2][]{subsection.3.7}{Yaw control}{section.3}% 18
\BOOKMARK [2][]{subsection.3.8}{Roll/ pitch control}{section.3}% 19
\BOOKMARK [2][]{subsection.3.9}{Ground station}{section.3}% 20
\BOOKMARK [1][]{section.4}{Experimental results}{}% 21
\BOOKMARK [2][]{subsection.4.1}{Time measurements}{section.4}% 22
\BOOKMARK [1][]{section.5}{Conclusion}{}% 23
